2022-07-16 00:05:15.344  INFO 17276 --- [main] c.e.finalproject.user.UserApplication    : Starting UserApplication using Java 18.0.1.1 on DESKTOP-DTS1JCD with PID 17276 (C:\Users\Fethi\Desktop\FinalProject\user\target\classes started by Fethi in C:\Users\Fethi\Desktop\FinalProject\user)
2022-07-16 00:05:15.351  INFO 17276 --- [main] c.e.finalproject.user.UserApplication    : No active profile set, falling back to 1 default profile: "default"
2022-07-16 00:05:15.795  INFO 17276 --- [main] .s.d.r.c.RepositoryConfigurationDelegate : Bootstrapping Spring Data JPA repositories in DEFAULT mode.
2022-07-16 00:05:15.845  INFO 17276 --- [main] .s.d.r.c.RepositoryConfigurationDelegate : Finished Spring Data repository scanning in 48 ms. Found 2 JPA repository interfaces.
2022-07-16 00:05:16.327  INFO 17276 --- [main] o.s.b.w.embedded.tomcat.TomcatWebServer  : Tomcat initialized with port(s): 8081 (http)
2022-07-16 00:05:16.343  INFO 17276 --- [main] o.apache.catalina.core.StandardService   : Starting service [Tomcat]
2022-07-16 00:05:16.344  INFO 17276 --- [main] org.apache.catalina.core.StandardEngine  : Starting Servlet engine: [Apache Tomcat/9.0.64]
2022-07-16 00:05:16.427  INFO 17276 --- [main] o.a.c.c.C.[Tomcat].[localhost].[/]       : Initializing Spring embedded WebApplicationContext
2022-07-16 00:05:16.427  INFO 17276 --- [main] w.s.c.ServletWebServerApplicationContext : Root WebApplicationContext: initialization completed in 1047 ms
2022-07-16 00:05:16.489  WARN 17276 --- [main] JpaBaseConfiguration$JpaWebConfiguration : spring.jpa.open-in-view is enabled by default. Therefore, database queries may be performed during view rendering. Explicitly configure spring.jpa.open-in-view to disable this warning
2022-07-16 00:05:16.813  INFO 17276 --- [main] com.zaxxer.hikari.HikariDataSource       : HikariPool-1 - Starting...
2022-07-16 00:05:17.032  INFO 17276 --- [main] com.zaxxer.hikari.HikariDataSource       : HikariPool-1 - Start completed.
2022-07-16 00:05:17.689  INFO 17276 --- [main] j.LocalContainerEntityManagerFactoryBean : Initialized JPA EntityManagerFactory for persistence unit 'default'
2022-07-16 00:05:18.358  INFO 17276 --- [main] o.s.s.web.DefaultSecurityFilterChain     : Will secure any request with [org.springframework.security.web.session.DisableEncodeUrlFilter@723b8eff, org.springframework.security.web.context.request.async.WebAsyncManagerIntegrationFilter@3987a1e8, org.springframework.security.web.context.SecurityContextPersistenceFilter@68550d86, org.springframework.security.web.header.HeaderWriterFilter@383e6734, org.springframework.web.filter.CorsFilter@20d65767, org.springframework.security.web.authentication.logout.LogoutFilter@73d8c8d7, com.emlakjet.finalproject.user.security.JwtAuthenticationFilter@62dc1203, org.springframework.security.web.savedrequest.RequestCacheAwareFilter@484876a1, org.springframework.security.web.servletapi.SecurityContextHolderAwareRequestFilter@359ea595, org.springframework.security.web.authentication.AnonymousAuthenticationFilter@250e8712, org.springframework.security.web.session.SessionManagementFilter@4b475742, org.springframework.security.web.access.ExceptionTranslationFilter@2419a5db, org.springframework.security.web.access.intercept.FilterSecurityInterceptor@6978a32a]
2022-07-16 00:05:18.532  INFO 17276 --- [main] o.s.b.w.embedded.tomcat.TomcatWebServer  : Tomcat started on port(s): 8081 (http) with context path ''
2022-07-16 00:05:18.538  INFO 17276 --- [main] c.e.finalproject.user.UserApplication    : Started UserApplication in 3.54 seconds (JVM running for 4.08)
2022-07-16 00:06:36.363  INFO 17276 --- [http-nio-8081-exec-1] o.a.c.c.C.[Tomcat].[localhost].[/]       : Initializing Spring DispatcherServlet 'dispatcherServlet'
2022-07-16 00:20:21.634  INFO 17276 --- [SpringApplicationShutdownHook] j.LocalContainerEntityManagerFactoryBean : Closing JPA EntityManagerFactory for persistence unit 'default'
2022-07-16 00:20:21.634  INFO 17276 --- [SpringApplicationShutdownHook] com.zaxxer.hikari.HikariDataSource       : HikariPool-1 - Shutdown initiated...
2022-07-16 00:20:21.639  INFO 17276 --- [SpringApplicationShutdownHook] com.zaxxer.hikari.HikariDataSource       : HikariPool-1 - Shutdown completed.
2022-07-16 15:22:11.780  INFO 23336 --- [main] c.e.finalproject.user.UserApplication    : Starting UserApplication using Java 18.0.1.1 on DESKTOP-DTS1JCD with PID 23336 (C:\Users\Fethi\Desktop\FinalProject\user\target\classes started by Fethi in C:\Users\Fethi\Desktop\FinalProject\user)
2022-07-16 15:22:11.783  INFO 23336 --- [main] c.e.finalproject.user.UserApplication    : No active profile set, falling back to 1 default profile: "default"
2022-07-16 15:22:12.393  INFO 23336 --- [main] .s.d.r.c.RepositoryConfigurationDelegate : Bootstrapping Spring Data JPA repositories in DEFAULT mode.
2022-07-16 15:22:12.462  INFO 23336 --- [main] .s.d.r.c.RepositoryConfigurationDelegate : Finished Spring Data repository scanning in 60 ms. Found 2 JPA repository interfaces.
2022-07-16 15:22:13.028  INFO 23336 --- [main] o.s.b.w.embedded.tomcat.TomcatWebServer  : Tomcat initialized with port(s): 8081 (http)
2022-07-16 15:22:13.040  INFO 23336 --- [main] o.apache.catalina.core.StandardService   : Starting service [Tomcat]
2022-07-16 15:22:13.041  INFO 23336 --- [main] org.apache.catalina.core.StandardEngine  : Starting Servlet engine: [Apache Tomcat/9.0.64]
2022-07-16 15:22:13.155  INFO 23336 --- [main] o.a.c.c.C.[Tomcat].[localhost].[/]       : Initializing Spring embedded WebApplicationContext
2022-07-16 15:22:13.156  INFO 23336 --- [main] w.s.c.ServletWebServerApplicationContext : Root WebApplicationContext: initialization completed in 1325 ms
2022-07-16 15:22:13.240  WARN 23336 --- [main] JpaBaseConfiguration$JpaWebConfiguration : spring.jpa.open-in-view is enabled by default. Therefore, database queries may be performed during view rendering. Explicitly configure spring.jpa.open-in-view to disable this warning
2022-07-16 15:22:13.603  INFO 23336 --- [main] com.zaxxer.hikari.HikariDataSource       : HikariPool-1 - Starting...
2022-07-16 15:22:13.743  INFO 23336 --- [main] com.zaxxer.hikari.HikariDataSource       : HikariPool-1 - Start completed.
2022-07-16 15:22:14.181  INFO 23336 --- [main] j.LocalContainerEntityManagerFactoryBean : Initialized JPA EntityManagerFactory for persistence unit 'default'
2022-07-16 15:22:14.787  INFO 23336 --- [main] o.s.s.web.DefaultSecurityFilterChain     : Will secure any request with [org.springframework.security.web.session.DisableEncodeUrlFilter@49bc71b4, org.springframework.security.web.context.request.async.WebAsyncManagerIntegrationFilter@7efa366, org.springframework.security.web.context.SecurityContextPersistenceFilter@54f9326c, org.springframework.security.web.header.HeaderWriterFilter@3c17794e, org.springframework.web.filter.CorsFilter@6c2f8ecb, org.springframework.security.web.authentication.logout.LogoutFilter@dbca149, com.emlakjet.finalproject.user.security.JwtAuthenticationFilter@32298473, org.springframework.security.web.savedrequest.RequestCacheAwareFilter@33bfe6d3, org.springframework.security.web.servletapi.SecurityContextHolderAwareRequestFilter@8afce3, org.springframework.security.web.authentication.AnonymousAuthenticationFilter@c3d4bd7, org.springframework.security.web.session.SessionManagementFilter@1b994617, org.springframework.security.web.access.ExceptionTranslationFilter@696105c4, org.springframework.security.web.access.intercept.FilterSecurityInterceptor@70f5f57d]
2022-07-16 15:22:14.972  INFO 23336 --- [main] o.s.b.w.embedded.tomcat.TomcatWebServer  : Tomcat started on port(s): 8081 (http) with context path ''
2022-07-16 15:22:14.983  INFO 23336 --- [main] c.e.finalproject.user.UserApplication    : Started UserApplication in 3.575 seconds (JVM running for 4.145)
2022-07-16 15:25:19.395  INFO 23336 --- [http-nio-8081-exec-1] o.a.c.c.C.[Tomcat].[localhost].[/]       : Initializing Spring DispatcherServlet 'dispatcherServlet'
2022-07-16 17:44:20.543  INFO 23336 --- [SpringApplicationShutdownHook] j.LocalContainerEntityManagerFactoryBean : Closing JPA EntityManagerFactory for persistence unit 'default'
2022-07-16 17:44:20.562  INFO 23336 --- [SpringApplicationShutdownHook] com.zaxxer.hikari.HikariDataSource       : HikariPool-1 - Shutdown initiated...
2022-07-16 17:44:20.567  INFO 23336 --- [SpringApplicationShutdownHook] com.zaxxer.hikari.HikariDataSource       : HikariPool-1 - Shutdown completed.
